Determining if the pthread_create exist failed with the following output:
Change Dir: /home/wenjun/XinXinboy/FWforU/Work/build/CMakeFiles/CMakeTmp

Run Build Command:"/usr/bin/make" "cmTC_5320b/fast"
/usr/bin/make -f CMakeFiles/cmTC_5320b.dir/build.make CMakeFiles/cmTC_5320b.dir/build
make[1]: Entering directory '/home/wenjun/XinXinboy/FWforU/Work/build/CMakeFiles/CMakeTmp'
Building C object CMakeFiles/cmTC_5320b.dir/CheckSymbolExists.c.o
/usr/bin/cc     -o CMakeFiles/cmTC_5320b.dir/CheckSymbolExists.c.o   -c /home/wenjun/XinXinboy/FWforU/Work/build/CMakeFiles/CMakeTmp/CheckSymbolExists.c
Linking C executable cmTC_5320b
/usr/bin/cmake -E cmake_link_script CMakeFiles/cmTC_5320b.dir/link.txt --verbose=1
/usr/bin/cc       CMakeFiles/cmTC_5320b.dir/CheckSymbolExists.c.o  -o cmTC_5320b -rdynamic 
CMakeFiles/cmTC_5320b.dir/CheckSymbolExists.c.o：在函数‘main’中：
CheckSymbolExists.c:(.text+0x16)：对‘pthread_create’未定义的引用
collect2: error: ld returned 1 exit status
CMakeFiles/cmTC_5320b.dir/build.make:97: recipe for target 'cmTC_5320b' failed
make[1]: *** [cmTC_5320b] Error 1
make[1]: Leaving directory '/home/wenjun/XinXinboy/FWforU/Work/build/CMakeFiles/CMakeTmp'
Makefile:126: recipe for target 'cmTC_5320b/fast' failed
make: *** [cmTC_5320b/fast] Error 2

File /home/wenjun/XinXinboy/FWforU/Work/build/CMakeFiles/CMakeTmp/CheckSymbolExists.c:
/* */
#include <pthread.h>

int main(int argc, char** argv)
{
  (void)argv;
#ifndef pthread_create
  return ((int*)(&pthread_create))[argc];
#else
  (void)argc;
  return 0;
#endif
}

Determining if the function pthread_create exists in the pthreads failed with the following output:
Change Dir: /home/wenjun/XinXinboy/FWforU/Work/build/CMakeFiles/CMakeTmp

Run Build Command:"/usr/bin/make" "cmTC_e0fdd/fast"
/usr/bin/make -f CMakeFiles/cmTC_e0fdd.dir/build.make CMakeFiles/cmTC_e0fdd.dir/build
make[1]: Entering directory '/home/wenjun/XinXinboy/FWforU/Work/build/CMakeFiles/CMakeTmp'
Building C object CMakeFiles/cmTC_e0fdd.dir/CheckFunctionExists.c.o
/usr/bin/cc    -DCHECK_FUNCTION_EXISTS=pthread_create   -o CMakeFiles/cmTC_e0fdd.dir/CheckFunctionExists.c.o   -c /usr/share/cmake-3.5/Modules/CheckFunctionExists.c
Linking C executable cmTC_e0fdd
/usr/bin/cmake -E cmake_link_script CMakeFiles/cmTC_e0fdd.dir/link.txt --verbose=1
/usr/bin/cc   -DCHECK_FUNCTION_EXISTS=pthread_create    CMakeFiles/cmTC_e0fdd.dir/CheckFunctionExists.c.o  -o cmTC_e0fdd -rdynamic -lpthreads 
/usr/bin/ld: 找不到 -lpthreads
collect2: error: ld returned 1 exit status
CMakeFiles/cmTC_e0fdd.dir/build.make:97: recipe for target 'cmTC_e0fdd' failed
make[1]: *** [cmTC_e0fdd] Error 1
make[1]: Leaving directory '/home/wenjun/XinXinboy/FWforU/Work/build/CMakeFiles/CMakeTmp'
Makefile:126: recipe for target 'cmTC_e0fdd/fast' failed
make: *** [cmTC_e0fdd/fast] Error 2


